2018-12-23 12:09:05.0016 [DEBUG] Scene Fusion version 1.8.1-0
2018-12-23 12:18:15.8345 [DEBUG] Scene Fusion version 1.8.1-0
2018-12-23 12:18:15.8934 [DEBUG] Play mode: True, sync in play mode: False
2018-12-23 12:18:16.7004 [ERROR] NullReferenceException: Object reference not set to an instance of an object
WindSpellUse.Start () (at Assets/Scripts/Abilities/WindSpell/WindSpellUse.cs:53)

2018-12-23 12:18:17.7923 [ERROR] NullReferenceException: Object reference not set to an instance of an object
TargList.getBottom () (at Assets/Scripts/Abilities/WindSpell/WindSpellUse.cs:205)
WindSpellUse.Update () (at Assets/Scripts/Abilities/WindSpell/WindSpellUse.cs:116)

2018-12-23 12:18:17.8083 [ERROR] NullReferenceException: Object reference not set to an instance of an object
TargList.getBottom () (at Assets/Scripts/Abilities/WindSpell/WindSpellUse.cs:205)
WindSpellUse.Update () (at Assets/Scripts/Abilities/WindSpell/WindSpellUse.cs:116)

2018-12-23 12:18:17.8248 [ERROR] NullReferenceException: Object reference not set to an instance of an object
TargList.getBottom () (at Assets/Scripts/Abilities/WindSpell/WindSpellUse.cs:205)
WindSpellUse.Update () (at Assets/Scripts/Abilities/WindSpell/WindSpellUse.cs:116)

2018-12-23 12:18:17.8527 [ERROR] NullReferenceException: Object reference not set to an instance of an object
TargList.getBottom () (at Assets/Scripts/Abilities/WindSpell/WindSpellUse.cs:205)
WindSpellUse.Update () (at Assets/Scripts/Abilities/WindSpell/WindSpellUse.cs:116)

2018-12-23 12:18:17.8787 [ERROR] NullReferenceException: Object reference not set to an instance of an object
WindSpellUse.Update () (at Assets/Scripts/Abilities/WindSpell/WindSpellUse.cs:72)

2018-12-23 12:18:24.5473 [ERROR] NullReferenceException: Object reference not set to an instance of an object
TargList.getTop () (at Assets/Scripts/Abilities/WindSpell/WindSpellUse.cs:200)
WindSpellUse.Update () (at Assets/Scripts/Abilities/WindSpell/WindSpellUse.cs:90)

2018-12-23 12:18:26.5306 [DEBUG] Play mode: False
2018-12-23 16:30:37.8655 [DEBUG] Scene Fusion version 1.8.1-0
2018-12-23 16:30:52.3570 [DEBUG] Scene Fusion version 1.8.1-0
2018-12-23 16:30:52.4124 [DEBUG] Play mode: True, sync in play mode: False
2018-12-23 16:30:53.1750 [ERROR] NullReferenceException: Object reference not set to an instance of an object
WindSpellUse.Start () (at Assets/Scripts/Abilities/WindSpell/WindSpellUse.cs:53)

2018-12-23 16:30:54.5145 [ERROR] NullReferenceException: Object reference not set to an instance of an object
TargList.getBottom () (at Assets/Scripts/Abilities/WindSpell/WindSpellUse.cs:205)
WindSpellUse.Update () (at Assets/Scripts/Abilities/WindSpell/WindSpellUse.cs:116)

2018-12-23 16:30:54.5305 [ERROR] NullReferenceException: Object reference not set to an instance of an object
TargList.getBottom () (at Assets/Scripts/Abilities/WindSpell/WindSpellUse.cs:205)
WindSpellUse.Update () (at Assets/Scripts/Abilities/WindSpell/WindSpellUse.cs:116)

2018-12-23 16:30:54.5464 [ERROR] NullReferenceException: Object reference not set to an instance of an object
TargList.getBottom () (at Assets/Scripts/Abilities/WindSpell/WindSpellUse.cs:205)
WindSpellUse.Update () (at Assets/Scripts/Abilities/WindSpell/WindSpellUse.cs:116)

2018-12-23 16:30:54.5634 [ERROR] NullReferenceException: Object reference not set to an instance of an object
TargList.getBottom () (at Assets/Scripts/Abilities/WindSpell/WindSpellUse.cs:205)
WindSpellUse.Update () (at Assets/Scripts/Abilities/WindSpell/WindSpellUse.cs:116)

2018-12-23 16:30:54.5804 [ERROR] NullReferenceException: Object reference not set to an instance of an object
TargList.getBottom () (at Assets/Scripts/Abilities/WindSpell/WindSpellUse.cs:205)
WindSpellUse.Update () (at Assets/Scripts/Abilities/WindSpell/WindSpellUse.cs:116)

2018-12-23 16:30:54.5968 [ERROR] NullReferenceException: Object reference not set to an instance of an object
TargList.getBottom () (at Assets/Scripts/Abilities/WindSpell/WindSpellUse.cs:205)
WindSpellUse.Update () (at Assets/Scripts/Abilities/WindSpell/WindSpellUse.cs:116)

2018-12-23 16:30:54.6298 [ERROR] NullReferenceException: Object reference not set to an instance of an object
WindSpellUse.Update () (at Assets/Scripts/Abilities/WindSpell/WindSpellUse.cs:72)

2018-12-23 16:32:53.4273 [DEBUG] Play mode: False
2018-12-23 16:33:00.7835 [DEBUG] Scene Fusion version 1.8.1-0
2018-12-23 16:33:00.8754 [DEBUG] Play mode: True, sync in play mode: False
2018-12-23 16:33:01.2352 [ERROR] NullReferenceException: Object reference not set to an instance of an object
WindSpellUse.Start () (at Assets/Scripts/Abilities/WindSpell/WindSpellUse.cs:53)

2018-12-23 16:33:01.9123 [ERROR] NullReferenceException: Object reference not set to an instance of an object
TargList.getBottom () (at Assets/Scripts/Abilities/WindSpell/WindSpellUse.cs:205)
WindSpellUse.Update () (at Assets/Scripts/Abilities/WindSpell/WindSpellUse.cs:116)

2018-12-23 16:33:01.9283 [ERROR] NullReferenceException: Object reference not set to an instance of an object
TargList.getBottom () (at Assets/Scripts/Abilities/WindSpell/WindSpellUse.cs:205)
WindSpellUse.Update () (at Assets/Scripts/Abilities/WindSpell/WindSpellUse.cs:116)

2018-12-23 16:33:01.9448 [ERROR] NullReferenceException: Object reference not set to an instance of an object
TargList.getBottom () (at Assets/Scripts/Abilities/WindSpell/WindSpellUse.cs:205)
WindSpellUse.Update () (at Assets/Scripts/Abilities/WindSpell/WindSpellUse.cs:116)

2018-12-23 16:33:01.9617 [ERROR] NullReferenceException: Object reference not set to an instance of an object
TargList.getBottom () (at Assets/Scripts/Abilities/WindSpell/WindSpellUse.cs:205)
WindSpellUse.Update () (at Assets/Scripts/Abilities/WindSpell/WindSpellUse.cs:116)

2018-12-23 16:33:01.9787 [ERROR] NullReferenceException: Object reference not set to an instance of an object
TargList.getBottom () (at Assets/Scripts/Abilities/WindSpell/WindSpellUse.cs:205)
WindSpellUse.Update () (at Assets/Scripts/Abilities/WindSpell/WindSpellUse.cs:116)

2018-12-23 16:33:01.9947 [ERROR] NullReferenceException: Object reference not set to an instance of an object
TargList.getBottom () (at Assets/Scripts/Abilities/WindSpell/WindSpellUse.cs:205)
WindSpellUse.Update () (at Assets/Scripts/Abilities/WindSpell/WindSpellUse.cs:116)

2018-12-23 16:33:02.0116 [ERROR] NullReferenceException: Object reference not set to an instance of an object
TargList.getBottom () (at Assets/Scripts/Abilities/WindSpell/WindSpellUse.cs:205)
WindSpellUse.Update () (at Assets/Scripts/Abilities/WindSpell/WindSpellUse.cs:116)

2018-12-23 16:33:02.0451 [ERROR] NullReferenceException: Object reference not set to an instance of an object
WindSpellUse.Update () (at Assets/Scripts/Abilities/WindSpell/WindSpellUse.cs:72)

2018-12-23 16:33:19.4888 [DEBUG] Play mode: False
2018-12-23 16:33:55.0455 [DEBUG] Scene Fusion version 1.8.1-0
2018-12-23 16:33:55.1083 [DEBUG] Play mode: True, sync in play mode: False
2018-12-23 16:33:56.1518 [ERROR] NullReferenceException: Object reference not set to an instance of an object
WindSpellUse.Start () (at Assets/Scripts/Abilities/WindSpell/WindSpellUse.cs:55)

2018-12-23 16:34:16.2441 [ERROR] NullReferenceException: Object reference not set to an instance of an object
WindSpellUse.Update () (at Assets/Scripts/Abilities/WindSpell/WindSpellUse.cs:79)

2018-12-23 16:34:23.7860 [DEBUG] Scene Fusion version 1.8.1-0
2018-12-23 16:34:24.3907 [DEBUG] Play mode: False
2018-12-23 16:36:36.9393 [DEBUG] Scene Fusion version 1.8.1-0
2018-12-23 16:36:37.0189 [DEBUG] Play mode: True, sync in play mode: False
2018-12-23 16:36:38.8605 [ERROR] NullReferenceException: Object reference not set to an instance of an object
WindSpellUse.Start () (at Assets/Scripts/Abilities/WindSpell/WindSpellUse.cs:55)

2018-12-23 16:36:39.5084 [ERROR] NullReferenceException: Object reference not set to an instance of an object
WindSpellUse.Update () (at Assets/Scripts/Abilities/WindSpell/WindSpellUse.cs:79)

2018-12-23 16:36:42.5769 [ERROR] NullReferenceException: Object reference not set to an instance of an object
WindSpellUse.Start () (at Assets/Scripts/Abilities/WindSpell/WindSpellUse.cs:55)

2018-12-23 16:36:43.6483 [ERROR] NullReferenceException: Object reference not set to an instance of an object
WindSpellUse.Update () (at Assets/Scripts/Abilities/WindSpell/WindSpellUse.cs:79)

2018-12-23 16:36:44.7401 [ERROR] NullReferenceException: Object reference not set to an instance of an object
WindSpellUse.Start () (at Assets/Scripts/Abilities/WindSpell/WindSpellUse.cs:55)

2018-12-23 16:36:45.9420 [ERROR] NullReferenceException: Object reference not set to an instance of an object
WindSpellUse.Update () (at Assets/Scripts/Abilities/WindSpell/WindSpellUse.cs:93)

2018-12-23 16:36:50.5632 [ERROR] NullReferenceException: Object reference not set to an instance of an object
WindSpellUse.Start () (at Assets/Scripts/Abilities/WindSpell/WindSpellUse.cs:55)

2018-12-23 16:36:51.4577 [ERROR] NullReferenceException: Object reference not set to an instance of an object
WindSpellUse.Update () (at Assets/Scripts/Abilities/WindSpell/WindSpellUse.cs:93)

2018-12-23 16:37:05.1218 [ERROR] NullReferenceException: Object reference not set to an instance of an object
WindSpellUse.Start () (at Assets/Scripts/Abilities/WindSpell/WindSpellUse.cs:55)

2018-12-23 16:37:05.6229 [ERROR] NullReferenceException: Object reference not set to an instance of an object
WindSpellUse.Update () (at Assets/Scripts/Abilities/WindSpell/WindSpellUse.cs:79)

2018-12-23 16:37:09.9293 [DEBUG] Play mode: False
2018-12-23 16:37:14.9111 [DEBUG] Scene Fusion version 1.8.1-0
2018-12-23 16:37:14.9704 [DEBUG] Play mode: True, sync in play mode: False
2018-12-23 16:37:17.0418 [ERROR] NullReferenceException: Object reference not set to an instance of an object
WindSpellUse.Start () (at Assets/Scripts/Abilities/WindSpell/WindSpellUse.cs:55)

2018-12-23 16:37:22.2316 [ERROR] NullReferenceException: Object reference not set to an instance of an object
WindSpellUse.Update () (at Assets/Scripts/Abilities/WindSpell/WindSpellUse.cs:79)

2018-12-23 16:38:26.8463 [DEBUG] Scene Fusion version 1.8.1-0
2018-12-23 16:38:48.4312 [DEBUG] Play mode: False
2018-12-23 16:38:52.6452 [DEBUG] Scene Fusion version 1.8.1-0
2018-12-23 16:38:52.7210 [DEBUG] Play mode: True, sync in play mode: False
2018-12-23 16:38:55.1420 [ERROR] NullReferenceException: Object reference not set to an instance of an object
WindSpellUse.Start () (at Assets/Scripts/Abilities/WindSpell/WindSpellUse.cs:55)

2018-12-23 16:38:55.6893 [ERROR] NullReferenceException: Object reference not set to an instance of an object
WindSpellUse.Update () (at Assets/Scripts/Abilities/WindSpell/WindSpellUse.cs:79)

2018-12-23 16:39:15.4633 [DEBUG] Play mode: False
2018-12-23 16:39:30.5159 [DEBUG] Scene Fusion version 1.8.1-0
2018-12-23 16:39:30.5816 [DEBUG] Play mode: True, sync in play mode: False
2018-12-23 16:39:31.2065 [ERROR] NullReferenceException: Object reference not set to an instance of an object
WindSpellUse.Start () (at Assets/Scripts/Abilities/WindSpell/WindSpellUse.cs:55)

2018-12-23 16:39:31.7453 [ERROR] NullReferenceException: Object reference not set to an instance of an object
WindSpellUse.Update () (at Assets/Scripts/Abilities/WindSpell/WindSpellUse.cs:79)

2018-12-23 16:39:41.4679 [DEBUG] Play mode: False
2018-12-23 16:41:17.8330 [DEBUG] Scene Fusion version 1.8.1-0
2018-12-23 16:41:17.8959 [DEBUG] Play mode: True, sync in play mode: False
2018-12-23 16:41:19.2937 [ERROR] NullReferenceException: Object reference not set to an instance of an object
WindSpellUse.Start () (at Assets/Scripts/Abilities/WindSpell/WindSpellUse.cs:55)

2018-12-23 16:41:19.7403 [ERROR] NullReferenceException: Object reference not set to an instance of an object
WindSpellUse.Update () (at Assets/Scripts/Abilities/WindSpell/WindSpellUse.cs:79)

2018-12-23 16:41:23.2576 [ERROR] NullReferenceException: Object reference not set to an instance of an object
WindSpellUse.Start () (at Assets/Scripts/Abilities/WindSpell/WindSpellUse.cs:55)

2018-12-23 16:41:24.3404 [ERROR] NullReferenceException: Object reference not set to an instance of an object
WindSpellUse.Update () (at Assets/Scripts/Abilities/WindSpell/WindSpellUse.cs:79)

2018-12-23 16:42:07.5543 [DEBUG] Scene Fusion version 1.8.1-0
2018-12-23 16:42:22.5238 [DEBUG] Play mode: False
2018-12-23 16:42:27.0759 [DEBUG] Scene Fusion version 1.8.1-0
2018-12-23 16:42:27.1463 [DEBUG] Play mode: True, sync in play mode: False
2018-12-23 16:42:29.3190 [ERROR] NullReferenceException: Object reference not set to an instance of an object
WindSpellUse.Start () (at Assets/Scripts/Abilities/WindSpell/WindSpellUse.cs:55)

2018-12-23 16:42:49.2725 [ERROR] NullReferenceException: Object reference not set to an instance of an object
WindSpellUse.Update () (at Assets/Scripts/Abilities/WindSpell/WindSpellUse.cs:95)

2018-12-23 16:43:01.4438 [DEBUG] Play mode: False
2018-12-23 16:43:11.8467 [DEBUG] Scene Fusion version 1.8.1-0
2018-12-23 16:43:11.9021 [DEBUG] Play mode: True, sync in play mode: False
2018-12-23 16:43:21.2907 [ERROR] MissingReferenceException: The object of type 'GameObject' has been destroyed but you are still trying to access it.
Your script should either check if it is null or you should not destroy the object.
UnityEngine.GameObject.GetComponent[WindSpellUse] () (at C:/buildslave/unity/build/Runtime/Export/GameObject.bindings.cs:28)
WindSpellMover.OnTriggerEnter (UnityEngine.Collider collision) (at Assets/Scripts/Abilities/WindSpell/WindSpellMover.cs:41)

2018-12-23 16:43:26.9585 [DEBUG] Play mode: False
2018-12-23 19:02:49.3436 [DEBUG] Scene Fusion version 1.8.1-0
2018-12-23 19:03:54.6610 [DEBUG] Scene Fusion version 1.8.1-0
2018-12-23 19:03:54.6969 [DEBUG] Play mode: True, sync in play mode: False
2018-12-23 19:03:56.9119 [DEBUG] Play mode: False
2018-12-23 19:04:27.9677 [DEBUG] Scene Fusion version 1.8.1-0
2018-12-23 19:04:28.0096 [DEBUG] Play mode: True, sync in play mode: False
2018-12-23 19:04:29.6889 [DEBUG] Play mode: False
2018-12-23 19:04:50.3880 [DEBUG] Scene Fusion version 1.8.1-0
2018-12-23 19:04:50.4280 [DEBUG] Play mode: True, sync in play mode: False
2018-12-23 19:04:51.0661 [DEBUG] Play mode: False
2018-12-23 19:05:15.7663 [DEBUG] Scene Fusion version 1.8.1-0
2018-12-23 19:05:15.8032 [DEBUG] Play mode: True, sync in play mode: False
2018-12-23 19:05:17.2492 [DEBUG] Play mode: False
2018-12-23 19:05:31.5159 [DEBUG] Scene Fusion version 1.8.1-0
2018-12-23 19:05:31.5867 [DEBUG] Play mode: True, sync in play mode: False
2018-12-23 19:05:32.3257 [DEBUG] Play mode: False
2018-12-23 19:06:26.3130 [DEBUG] Scene Fusion version 1.8.1-0
2018-12-23 19:06:26.3668 [DEBUG] Play mode: True, sync in play mode: False
2018-12-23 19:06:29.0974 [DEBUG] Play mode: False
2018-12-23 19:06:32.6300 [DEBUG] Scene Fusion version 1.8.1-0
2018-12-23 19:06:32.6734 [DEBUG] Play mode: True, sync in play mode: False
2018-12-23 19:06:34.6854 [DEBUG] Play mode: False
2018-12-23 19:06:43.0048 [DEBUG] Scene Fusion version 1.8.1-0
2018-12-23 19:06:43.0478 [DEBUG] Play mode: True, sync in play mode: False
2018-12-23 19:06:45.1903 [DEBUG] Play mode: False
2018-12-23 19:07:18.4839 [DEBUG] Scene Fusion version 1.8.1-0
2018-12-23 19:07:18.5138 [DEBUG] Play mode: True, sync in play mode: False
2018-12-23 19:07:19.2257 [DEBUG] Play mode: False
2018-12-23 19:07:28.7255 [DEBUG] Scene Fusion version 1.8.1-0
2018-12-23 19:07:28.7803 [DEBUG] Play mode: True, sync in play mode: False
2018-12-23 19:07:29.3152 [DEBUG] Play mode: False
2018-12-23 19:07:55.4618 [DEBUG] Scene Fusion version 1.8.1-0
2018-12-23 19:07:55.5007 [DEBUG] Play mode: True, sync in play mode: False
2018-12-23 19:08:35.3893 [DEBUG] Play mode: False
