2018-10-12 16:26:13.0851 [DEBUG] Scene Fusion version 1.8.1-0
2018-10-12 16:26:49.3727 [DEBUG] Scene Fusion version 1.8.1-0
2018-10-12 16:26:49.5356 [DEBUG] Play mode: True, sync in play mode: False
2018-10-12 16:27:04.8899 [DEBUG] Play mode: False
2018-10-12 16:30:00.9506 [DEBUG] Scene Fusion version 1.8.1-0
2018-10-12 16:30:01.0846 [DEBUG] Play mode: True, sync in play mode: False
2018-10-12 16:34:57.1140 [DEBUG] Play mode: False
2018-10-12 16:35:49.2330 [DEBUG] Scene Fusion version 1.8.1-0
2018-10-12 16:35:56.9061 [DEBUG] Play mode: True, sync in play mode: False
2018-10-12 16:38:23.1768 [DEBUG] Play mode: False
2018-10-12 16:39:04.4890 [DEBUG] Scene Fusion version 1.8.1-0
2018-10-12 16:39:04.8844 [DEBUG] Play mode: True, sync in play mode: False
2018-10-12 16:39:20.4244 [DEBUG] Play mode: False
2018-10-12 16:45:14.3187 [DEBUG] Scene Fusion version 1.8.1-0
2018-10-12 16:45:14.4685 [DEBUG] Play mode: True, sync in play mode: False
2018-10-12 16:45:15.0889 [ERROR] NullReferenceException: Object reference not set to an instance of an object
InputListener.Update () (at Assets/Scripts/Player/CharacterDirector/InputListener.cs:84)

2018-10-12 16:45:18.0343 [ERROR] NullReferenceException: Object reference not set to an instance of an object
InputListener.Update () (at Assets/Scripts/Player/CharacterDirector/InputListener.cs:84)

2018-10-12 16:45:18.5684 [ERROR] NullReferenceException: Object reference not set to an instance of an object
InputListener.Update () (at Assets/Scripts/Player/CharacterDirector/InputListener.cs:88)

2018-10-12 16:45:20.3142 [ERROR] NullReferenceException: Object reference not set to an instance of an object
InputListener.Update () (at Assets/Scripts/Player/CharacterDirector/InputListener.cs:88)

2018-10-12 16:45:21.1816 [ERROR] NullReferenceException: Object reference not set to an instance of an object
InputListener.Update () (at Assets/Scripts/Player/CharacterDirector/InputListener.cs:88)

2018-10-12 16:45:21.9908 [ERROR] NullReferenceException: Object reference not set to an instance of an object
InputListener.Update () (at Assets/Scripts/Player/CharacterDirector/InputListener.cs:84)

2018-10-12 16:45:22.4920 [ERROR] NullReferenceException: Object reference not set to an instance of an object
InputListener.Update () (at Assets/Scripts/Player/CharacterDirector/InputListener.cs:84)

2018-10-12 16:45:22.7656 [ERROR] NullReferenceException: Object reference not set to an instance of an object
InputListener.Update () (at Assets/Scripts/Player/CharacterDirector/InputListener.cs:84)

2018-10-12 16:45:23.1472 [ERROR] NullReferenceException: Object reference not set to an instance of an object
InputListener.Update () (at Assets/Scripts/Player/CharacterDirector/InputListener.cs:88)

2018-10-12 16:45:23.3340 [ERROR] NullReferenceException: Object reference not set to an instance of an object
InputListener.Update () (at Assets/Scripts/Player/CharacterDirector/InputListener.cs:88)

2018-10-12 16:45:23.4938 [ERROR] NullReferenceException: Object reference not set to an instance of an object
InputListener.Update () (at Assets/Scripts/Player/CharacterDirector/InputListener.cs:88)

2018-10-12 16:45:23.7636 [ERROR] NullReferenceException: Object reference not set to an instance of an object
InputListener.Update () (at Assets/Scripts/Player/CharacterDirector/InputListener.cs:92)

2018-10-12 16:45:23.9631 [ERROR] NullReferenceException: Object reference not set to an instance of an object
InputListener.Update () (at Assets/Scripts/Player/CharacterDirector/InputListener.cs:92)

2018-10-12 16:45:24.1314 [ERROR] NullReferenceException: Object reference not set to an instance of an object
InputListener.Update () (at Assets/Scripts/Player/CharacterDirector/InputListener.cs:92)

2018-10-12 16:45:33.6260 [ERROR] NullReferenceException: Object reference not set to an instance of an object
InputListener.Update () (at Assets/Scripts/Player/CharacterDirector/InputListener.cs:92)

2018-10-12 16:45:38.6459 [DEBUG] Play mode: False
2018-10-12 16:48:37.0270 [DEBUG] Scene Fusion version 1.8.1-0
2018-10-12 16:48:37.1628 [DEBUG] Play mode: True, sync in play mode: False
2018-10-12 16:48:38.2007 [ERROR] NullReferenceException: Object reference not set to an instance of an object
InputListener.Update () (at Assets/Scripts/Player/CharacterDirector/InputListener.cs:84)

2018-10-12 16:48:41.3148 [ERROR] NullReferenceException: Object reference not set to an instance of an object
InputListener.Update () (at Assets/Scripts/Player/CharacterDirector/InputListener.cs:88)

2018-10-12 16:48:41.8975 [ERROR] NullReferenceException: Object reference not set to an instance of an object
InputListener.Update () (at Assets/Scripts/Player/CharacterDirector/InputListener.cs:92)

2018-10-12 16:49:48.9272 [DEBUG] Play mode: False
2018-10-12 16:51:41.3065 [DEBUG] Scene Fusion version 1.8.1-0
2018-10-12 16:51:41.4815 [DEBUG] Play mode: True, sync in play mode: False
2018-10-12 16:52:05.1161 [ERROR] NullReferenceException: Object reference not set to an instance of an object
WindSpellUse.Start () (at Assets/Scripts/Abilities/WindSpell/WindSpellUse.cs:41)

2018-10-12 16:52:28.4576 [DEBUG] Play mode: False
