2018-10-11 13:53:27.2605 [DEBUG] Scene Fusion version 1.8.1-0
2018-10-11 13:53:33.3826 [DEBUG] Scene Fusion version 1.8.1-0
2018-10-11 13:53:39.1714 [DEBUG] Scene Fusion version 1.8.1-0
2018-10-11 13:53:39.2124 [DEBUG] Play mode: True, sync in play mode: False
2018-10-11 13:55:10.8773 [DEBUG] Play mode: False
2018-10-11 14:39:13.1474 [DEBUG] Scene Fusion version 1.8.1-0
2018-10-11 14:39:17.1465 [DEBUG] Scene Fusion version 1.8.1-0
2018-10-11 14:39:17.2145 [DEBUG] Play mode: True, sync in play mode: False
2018-10-11 14:39:23.5994 [DEBUG] Play mode: False
2018-10-11 14:39:29.3480 [DEBUG] Scene Fusion version 1.8.1-0
2018-10-11 14:39:29.3993 [DEBUG] Play mode: True, sync in play mode: False
2018-10-11 14:39:46.7900 [DEBUG] Play mode: False
2018-10-11 14:39:50.8799 [DEBUG] Scene Fusion version 1.8.1-0
2018-10-11 14:39:50.9418 [DEBUG] Play mode: True, sync in play mode: False
2018-10-11 14:39:53.7985 [DEBUG] Play mode: False
2018-10-11 14:40:03.5830 [DEBUG] Scene Fusion version 1.8.1-0
2018-10-11 14:40:03.6470 [DEBUG] Play mode: True, sync in play mode: False
2018-10-11 14:40:07.0343 [DEBUG] Play mode: False
2018-10-11 15:05:28.2988 [DEBUG] Scene Fusion version 1.8.1-0
2018-10-11 15:05:28.3578 [DEBUG] Play mode: True, sync in play mode: False
2018-10-11 15:06:04.2939 [DEBUG] Play mode: False
2018-10-11 15:06:45.3841 [DEBUG] Scene Fusion version 1.8.1-0
2018-10-11 15:06:45.4650 [DEBUG] Play mode: True, sync in play mode: False
2018-10-11 15:07:29.8658 [DEBUG] Play mode: False
2018-10-11 15:07:35.6839 [DEBUG] Scene Fusion version 1.8.1-0
2018-10-11 15:07:35.7448 [DEBUG] Play mode: True, sync in play mode: False
2018-10-11 15:07:42.8457 [DEBUG] Play mode: False
2018-10-11 15:09:22.2600 [DEBUG] Scene Fusion version 1.8.1-0
2018-10-11 15:09:22.3340 [DEBUG] Play mode: True, sync in play mode: False
2018-10-11 15:09:32.6142 [DEBUG] Play mode: False
2018-10-11 15:09:51.5147 [DEBUG] Scene Fusion version 1.8.1-0
2018-10-11 15:09:51.5966 [DEBUG] Play mode: True, sync in play mode: False
2018-10-11 15:09:58.6607 [DEBUG] Play mode: False
2018-10-11 15:10:28.3420 [DEBUG] Scene Fusion version 1.8.1-0
2018-10-11 15:10:28.4230 [DEBUG] Play mode: True, sync in play mode: False
2018-10-11 15:10:39.6199 [DEBUG] Play mode: False
2018-10-11 15:10:53.0273 [DEBUG] Scene Fusion version 1.8.1-0
2018-10-11 15:10:53.0773 [DEBUG] Play mode: True, sync in play mode: False
2018-10-11 15:11:08.0107 [DEBUG] Play mode: False
2018-10-11 15:17:44.0176 [DEBUG] Scene Fusion version 1.8.1-0
2018-10-11 15:17:44.0756 [DEBUG] Play mode: True, sync in play mode: False
2018-10-11 15:18:00.2814 [DEBUG] Play mode: False
2018-10-11 15:18:07.5474 [DEBUG] Scene Fusion version 1.8.1-0
2018-10-11 15:18:07.6193 [DEBUG] Play mode: True, sync in play mode: False
2018-10-11 15:18:20.4271 [DEBUG] Play mode: False
2018-10-11 15:18:31.5699 [DEBUG] Scene Fusion version 1.8.1-0
2018-10-11 15:18:31.6358 [DEBUG] Play mode: True, sync in play mode: False
2018-10-11 15:19:54.9573 [DEBUG] Play mode: False
2018-10-11 15:20:04.1343 [DEBUG] Scene Fusion version 1.8.1-0
2018-10-11 15:20:04.2062 [DEBUG] Play mode: True, sync in play mode: False
2018-10-11 15:20:05.8114 [DEBUG] Play mode: False
2018-10-11 15:24:06.7920 [DEBUG] Scene Fusion version 1.8.1-0
2018-10-11 15:24:06.8769 [DEBUG] Play mode: True, sync in play mode: False
2018-10-11 15:24:20.2264 [DEBUG] Play mode: False
2018-10-11 15:24:52.4654 [DEBUG] Scene Fusion version 1.8.1-0
2018-10-11 15:24:52.5164 [DEBUG] Play mode: True, sync in play mode: False
2018-10-11 15:26:21.3399 [DEBUG] Play mode: False
2018-10-11 16:37:14.1510 [DEBUG] Scene Fusion version 1.8.1-0
2018-10-11 16:37:14.2299 [DEBUG] Play mode: True, sync in play mode: False
2018-10-11 16:37:33.6254 [DEBUG] Play mode: False
2018-10-11 16:39:28.6864 [DEBUG] Scene Fusion version 1.8.1-0
2018-10-11 16:39:56.2920 [DEBUG] Scene Fusion version 1.8.1-0
2018-10-11 16:39:56.3499 [DEBUG] Play mode: True, sync in play mode: False
2018-10-11 16:40:57.4985 [DEBUG] Play mode: False
2018-10-11 16:41:28.0652 [DEBUG] Scene Fusion version 1.8.1-0
2018-10-11 16:41:44.7140 [DEBUG] Scene Fusion version 1.8.1-0
2018-10-11 16:41:44.7910 [DEBUG] Play mode: True, sync in play mode: False
2018-10-11 16:42:18.7508 [DEBUG] Play mode: False
2018-10-11 16:47:28.2286 [DEBUG] Scene Fusion version 1.8.1-0
2018-10-11 16:47:28.3016 [DEBUG] Play mode: True, sync in play mode: False
2018-10-11 16:50:00.5749 [DEBUG] Play mode: False
2018-10-11 16:50:07.0965 [DEBUG] Scene Fusion version 1.8.1-0
2018-10-11 16:50:07.1864 [DEBUG] Play mode: True, sync in play mode: False
2018-10-11 16:50:21.2652 [DEBUG] Play mode: False
2018-10-11 16:55:20.9600 [DEBUG] Scene Fusion version 1.8.1-0
2018-10-11 16:55:21.0370 [DEBUG] Play mode: True, sync in play mode: False
2018-10-11 16:55:49.6037 [DEBUG] Play mode: False
2018-10-11 17:23:47.6794 [DEBUG] Scene Fusion version 1.8.1-0
2018-10-11 17:23:47.7414 [DEBUG] Play mode: True, sync in play mode: False
2018-10-11 17:24:18.7719 [DEBUG] Play mode: False
2018-10-11 17:24:25.3257 [DEBUG] Scene Fusion version 1.8.1-0
2018-10-11 17:24:25.4116 [DEBUG] Play mode: True, sync in play mode: False
2018-10-11 17:29:29.0901 [DEBUG] Play mode: False
2018-10-11 17:30:03.0022 [DEBUG] Scene Fusion version 1.8.1-0
2018-10-11 17:30:03.0552 [DEBUG] Play mode: True, sync in play mode: False
2018-10-11 17:30:10.0930 [DEBUG] Play mode: False
2018-10-11 17:30:43.2905 [DEBUG] Scene Fusion version 1.8.1-0
2018-10-11 17:30:43.3595 [DEBUG] Play mode: True, sync in play mode: False
2018-10-11 17:31:40.6535 [DEBUG] Play mode: False
2018-10-11 17:31:50.5775 [DEBUG] Scene Fusion version 1.8.1-0
2018-10-11 17:31:50.6284 [DEBUG] Play mode: True, sync in play mode: False
2018-10-11 17:32:40.2116 [DEBUG] Play mode: False
2018-10-11 17:32:44.4291 [DEBUG] Scene Fusion version 1.8.1-0
2018-10-11 17:32:44.4801 [DEBUG] Play mode: True, sync in play mode: False
2018-10-11 17:33:32.0492 [DEBUG] Play mode: False
2018-10-11 17:33:50.0270 [DEBUG] Scene Fusion version 1.8.1-0
2018-10-11 17:33:50.0840 [DEBUG] Play mode: True, sync in play mode: False
2018-10-11 17:34:11.2452 [DEBUG] Play mode: False
2018-10-11 17:37:52.5524 [DEBUG] Scene Fusion version 1.8.1-0
2018-10-11 17:37:52.6364 [DEBUG] Play mode: True, sync in play mode: False
2018-10-11 17:38:09.6196 [DEBUG] Play mode: False
2018-10-11 17:39:19.4362 [DEBUG] Scene Fusion version 1.8.1-0
2018-10-11 17:39:19.4892 [DEBUG] Play mode: True, sync in play mode: False
2018-10-11 17:39:29.7035 [DEBUG] Play mode: False
2018-10-11 17:40:23.9817 [DEBUG] Scene Fusion version 1.8.1-0
2018-10-11 17:40:24.0706 [DEBUG] Play mode: True, sync in play mode: False
2018-10-11 17:40:34.8856 [DEBUG] Play mode: False
2018-10-11 17:41:18.6331 [DEBUG] Scene Fusion version 1.8.1-0
2018-10-11 17:41:18.6811 [DEBUG] Play mode: True, sync in play mode: False
2018-10-11 17:41:45.2425 [DEBUG] Play mode: False
2018-10-11 17:42:43.1740 [DEBUG] Scene Fusion version 1.8.1-0
2018-10-11 17:42:43.2499 [DEBUG] Play mode: True, sync in play mode: False
2018-10-11 17:42:52.7651 [DEBUG] Play mode: False
2018-10-11 17:43:18.3104 [DEBUG] Scene Fusion version 1.8.1-0
2018-10-11 17:43:18.3734 [DEBUG] Play mode: True, sync in play mode: False
2018-10-11 17:44:14.2555 [DEBUG] Play mode: False
2018-10-11 17:44:25.1872 [DEBUG] Scene Fusion version 1.8.1-0
2018-10-11 17:44:25.2536 [DEBUG] Play mode: True, sync in play mode: False
2018-10-11 17:46:55.9318 [DEBUG] Play mode: False
2018-10-11 17:47:00.3578 [DEBUG] Scene Fusion version 1.8.1-0
2018-10-11 17:47:00.4328 [DEBUG] Play mode: True, sync in play mode: False
2018-10-11 17:47:18.8843 [DEBUG] Play mode: False
2018-10-11 17:48:29.4446 [DEBUG] Scene Fusion version 1.8.1-0
2018-10-11 17:48:29.5276 [DEBUG] Play mode: True, sync in play mode: False
2018-10-11 17:49:30.4189 [DEBUG] Play mode: False
2018-10-11 17:49:41.0460 [DEBUG] Scene Fusion version 1.8.1-0
2018-10-11 17:49:41.0959 [DEBUG] Play mode: True, sync in play mode: False
2018-10-11 17:50:55.0699 [DEBUG] Play mode: False
2018-10-11 17:51:04.1208 [DEBUG] Scene Fusion version 1.8.1-0
2018-10-11 17:51:04.1738 [DEBUG] Play mode: True, sync in play mode: False
2018-10-11 17:51:31.5812 [DEBUG] Play mode: False
2018-10-11 17:52:13.2194 [DEBUG] Scene Fusion version 1.8.1-0
2018-10-11 17:52:13.3263 [DEBUG] Play mode: True, sync in play mode: False
2018-10-11 17:56:52.6956 [DEBUG] Play mode: False
2018-10-11 17:56:59.2378 [DEBUG] Scene Fusion version 1.8.1-0
2018-10-11 17:56:59.3238 [DEBUG] Play mode: True, sync in play mode: False
2018-10-11 18:00:51.2801 [DEBUG] Play mode: False
2018-10-11 18:13:48.6415 [DEBUG] Scene Fusion version 1.8.1-0
2018-10-11 18:13:48.7145 [DEBUG] Play mode: True, sync in play mode: False
2018-10-11 18:14:09.4875 [DEBUG] Play mode: False
2018-10-11 18:14:46.3274 [DEBUG] Scene Fusion version 1.8.1-0
2018-10-11 18:14:46.4104 [DEBUG] Play mode: True, sync in play mode: False
2018-10-11 18:15:41.5276 [DEBUG] Play mode: False
2018-10-11 18:39:40.4219 [DEBUG] Scene Fusion version 1.8.1-0
2018-10-11 18:40:01.8572 [ERROR] NullReferenceException: Object reference not set to an instance of an object
UnityEditor.AssetDatabase.IsMainAsset (UnityEngine.Object obj) (at C:/buildslave/unity/build/artifacts/generated/bindings_old/common/Editor/AssetDatabaseBindings.gen.cs:72)
UnityEditor.Editor.HasLargeHeader () (at C:/buildslave/unity/build/Editor/Mono/Inspector/Editor.cs:349)
UnityEditor.InspectorWindow.EditorHasLargeHeader (Int32 editorIndex, UnityEditor.Editor[] trackerActiveEditors) (at C:/buildslave/unity/build/Editor/Mono/Inspector/InspectorWindow.cs:1420)
UnityEditor.EditorDragging.HandleEditorDragging (UnityEditor.Editor[] editors, Int32 editorIndex, Rect targetRect, Single markerY, Boolean bottomTarget) (at C:/buildslave/unity/build/Editor/Mono/Inspector/EditorDragging.cs:113)
UnityEditor.EditorDragging.HandleDraggingToEditor (UnityEditor.Editor[] editors, Int32 editorIndex, Rect dragRect, Rect contentRect) (at C:/buildslave/unity/build/Editor/Mono/Inspector/EditorDragging.cs:52)
UnityEditor.InspectorWindow.DrawEditor (UnityEditor.Editor[] editors, Int32 editorIndex, Boolean rebuildOptimizedGUIBlock, System.Boolean& showImportedObjectBarNext, UnityEngine.Rect& importedObjectBarRect) (at C:/buildslave/unity/build/Editor/Mono/Inspector/InspectorWindow.cs:1388)
UnityEditor.InspectorWindow.DrawEditors (UnityEditor.Editor[] editors) (at C:/buildslave/unity/build/Editor/Mono/Inspector/InspectorWindow.cs:1126)
UnityEditor.InspectorWindow.OnGUI () (at C:/buildslave/unity/build/Editor/Mono/Inspector/InspectorWindow.cs:481)
System.Reflection.MonoMethod.Invoke (System.Object obj, BindingFlags invokeAttr, System.Reflection.Binder binder, System.Object[] parameters, System.Globalization.CultureInfo culture) (at /Users/builduser/buildslave/mono/build/mcs/class/corlib/System.Reflection/MonoMethod.cs:222)
Rethrow as TargetInvocationException: Exception has been thrown by the target of an invocation.
System.Reflection.MonoMethod.Invoke (System.Object obj, BindingFlags invokeAttr, System.Reflection.Binder binder, System.Object[] parameters, System.Globalization.CultureInfo culture) (at /Users/builduser/buildslave/mono/build/mcs/class/corlib/System.Reflection/MonoMethod.cs:232)
System.Reflection.MethodBase.Invoke (System.Object obj, System.Object[] parameters) (at /Users/builduser/buildslave/mono/build/mcs/class/corlib/System.Reflection/MethodBase.cs:115)
UnityEditor.HostView.Invoke (System.String methodName, System.Object obj) (at C:/buildslave/unity/build/Editor/Mono/HostView.cs:295)
UnityEditor.HostView.Invoke (System.String methodName) (at C:/buildslave/unity/build/Editor/Mono/HostView.cs:288)
UnityEditor.HostView.InvokeOnGUI (Rect onGUIPosition) (at C:/buildslave/unity/build/Editor/Mono/HostView.cs:255)

2018-10-11 18:40:01.8632 [ERROR] NullReferenceException: Object reference not set to an instance of an object
UnityEditor.AssetDatabase.IsMainAsset (UnityEngine.Object obj) (at C:/buildslave/unity/build/artifacts/generated/bindings_old/common/Editor/AssetDatabaseBindings.gen.cs:72)
UnityEditor.Editor.HasLargeHeader () (at C:/buildslave/unity/build/Editor/Mono/Inspector/Editor.cs:349)
UnityEditor.InspectorWindow.EditorHasLargeHeader (Int32 editorIndex, UnityEditor.Editor[] trackerActiveEditors) (at C:/buildslave/unity/build/Editor/Mono/Inspector/InspectorWindow.cs:1420)
UnityEditor.EditorDragging.HandleEditorDragging (UnityEditor.Editor[] editors, Int32 editorIndex, Rect targetRect, Single markerY, Boolean bottomTarget) (at C:/buildslave/unity/build/Editor/Mono/Inspector/EditorDragging.cs:113)
UnityEditor.EditorDragging.HandleDraggingToEditor (UnityEditor.Editor[] editors, Int32 editorIndex, Rect dragRect, Rect contentRect) (at C:/buildslave/unity/build/Editor/Mono/Inspector/EditorDragging.cs:52)
UnityEditor.InspectorWindow.DrawEditor (UnityEditor.Editor[] editors, Int32 editorIndex, Boolean rebuildOptimizedGUIBlock, System.Boolean& showImportedObjectBarNext, UnityEngine.Rect& importedObjectBarRect) (at C:/buildslave/unity/build/Editor/Mono/Inspector/InspectorWindow.cs:1388)
UnityEditor.InspectorWindow.DrawEditors (UnityEditor.Editor[] editors) (at C:/buildslave/unity/build/Editor/Mono/Inspector/InspectorWindow.cs:1126)
UnityEditor.InspectorWindow.OnGUI () (at C:/buildslave/unity/build/Editor/Mono/Inspector/InspectorWindow.cs:481)
System.Reflection.MonoMethod.Invoke (System.Object obj, BindingFlags invokeAttr, System.Reflection.Binder binder, System.Object[] parameters, System.Globalization.CultureInfo culture) (at /Users/builduser/buildslave/mono/build/mcs/class/corlib/System.Reflection/MonoMethod.cs:222)
Rethrow as TargetInvocationException: Exception has been thrown by the target of an invocation.
System.Reflection.MonoMethod.Invoke (System.Object obj, BindingFlags invokeAttr, System.Reflection.Binder binder, System.Object[] parameters, System.Globalization.CultureInfo culture) (at /Users/builduser/buildslave/mono/build/mcs/class/corlib/System.Reflection/MonoMethod.cs:232)
System.Reflection.MethodBase.Invoke (System.Object obj, System.Object[] parameters) (at /Users/builduser/buildslave/mono/build/mcs/class/corlib/System.Reflection/MethodBase.cs:115)
UnityEditor.HostView.Invoke (System.String methodName, System.Object obj) (at C:/buildslave/unity/build/Editor/Mono/HostView.cs:295)
UnityEditor.HostView.Invoke (System.String methodName) (at C:/buildslave/unity/build/Editor/Mono/HostView.cs:288)
UnityEditor.HostView.InvokeOnGUI (Rect onGUIPosition) (at C:/buildslave/unity/build/Editor/Mono/HostView.cs:255)

2018-10-11 18:40:01.8691 [ERROR] NullReferenceException: Object reference not set to an instance of an object
UnityEditor.AssetDatabase.IsMainAsset (UnityEngine.Object obj) (at C:/buildslave/unity/build/artifacts/generated/bindings_old/common/Editor/AssetDatabaseBindings.gen.cs:72)
UnityEditor.Editor.HasLargeHeader () (at C:/buildslave/unity/build/Editor/Mono/Inspector/Editor.cs:349)
UnityEditor.InspectorWindow.EditorHasLargeHeader (Int32 editorIndex, UnityEditor.Editor[] trackerActiveEditors) (at C:/buildslave/unity/build/Editor/Mono/Inspector/InspectorWindow.cs:1420)
UnityEditor.EditorDragging.HandleEditorDragging (UnityEditor.Editor[] editors, Int32 editorIndex, Rect targetRect, Single markerY, Boolean bottomTarget) (at C:/buildslave/unity/build/Editor/Mono/Inspector/EditorDragging.cs:113)
UnityEditor.EditorDragging.HandleDraggingToEditor (UnityEditor.Editor[] editors, Int32 editorIndex, Rect dragRect, Rect contentRect) (at C:/buildslave/unity/build/Editor/Mono/Inspector/EditorDragging.cs:52)
UnityEditor.InspectorWindow.DrawEditor (UnityEditor.Editor[] editors, Int32 editorIndex, Boolean rebuildOptimizedGUIBlock, System.Boolean& showImportedObjectBarNext, UnityEngine.Rect& importedObjectBarRect) (at C:/buildslave/unity/build/Editor/Mono/Inspector/InspectorWindow.cs:1388)
UnityEditor.InspectorWindow.DrawEditors (UnityEditor.Editor[] editors) (at C:/buildslave/unity/build/Editor/Mono/Inspector/InspectorWindow.cs:1126)
UnityEditor.InspectorWindow.OnGUI () (at C:/buildslave/unity/build/Editor/Mono/Inspector/InspectorWindow.cs:481)
System.Reflection.MonoMethod.Invoke (System.Object obj, BindingFlags invokeAttr, System.Reflection.Binder binder, System.Object[] parameters, System.Globalization.CultureInfo culture) (at /Users/builduser/buildslave/mono/build/mcs/class/corlib/System.Reflection/MonoMethod.cs:222)
Rethrow as TargetInvocationException: Exception has been thrown by the target of an invocation.
System.Reflection.MonoMethod.Invoke (System.Object obj, BindingFlags invokeAttr, System.Reflection.Binder binder, System.Object[] parameters, System.Globalization.CultureInfo culture) (at /Users/builduser/buildslave/mono/build/mcs/class/corlib/System.Reflection/MonoMethod.cs:232)
System.Reflection.MethodBase.Invoke (System.Object obj, System.Object[] parameters) (at /Users/builduser/buildslave/mono/build/mcs/class/corlib/System.Reflection/MethodBase.cs:115)
UnityEditor.HostView.Invoke (System.String methodName, System.Object obj) (at C:/buildslave/unity/build/Editor/Mono/HostView.cs:295)
UnityEditor.HostView.Invoke (System.String methodName) (at C:/buildslave/unity/build/Editor/Mono/HostView.cs:288)
UnityEditor.HostView.InvokeOnGUI (Rect onGUIPosition) (at C:/buildslave/unity/build/Editor/Mono/HostView.cs:255)

2018-10-11 18:40:02.0991 [ERROR] NullReferenceException: Object reference not set to an instance of an object
UnityEditor.AssetDatabase.IsMainAsset (UnityEngine.Object obj) (at C:/buildslave/unity/build/artifacts/generated/bindings_old/common/Editor/AssetDatabaseBindings.gen.cs:72)
UnityEditor.Editor.HasLargeHeader () (at C:/buildslave/unity/build/Editor/Mono/Inspector/Editor.cs:349)
UnityEditor.InspectorWindow.EditorHasLargeHeader (Int32 editorIndex, UnityEditor.Editor[] trackerActiveEditors) (at C:/buildslave/unity/build/Editor/Mono/Inspector/InspectorWindow.cs:1420)
UnityEditor.EditorDragging.HandleEditorDragging (UnityEditor.Editor[] editors, Int32 editorIndex, Rect targetRect, Single markerY, Boolean bottomTarget) (at C:/buildslave/unity/build/Editor/Mono/Inspector/EditorDragging.cs:113)
UnityEditor.EditorDragging.HandleDraggingToEditor (UnityEditor.Editor[] editors, Int32 editorIndex, Rect dragRect, Rect contentRect) (at C:/buildslave/unity/build/Editor/Mono/Inspector/EditorDragging.cs:52)
UnityEditor.InspectorWindow.DrawEditor (UnityEditor.Editor[] editors, Int32 editorIndex, Boolean rebuildOptimizedGUIBlock, System.Boolean& showImportedObjectBarNext, UnityEngine.Rect& importedObjectBarRect) (at C:/buildslave/unity/build/Editor/Mono/Inspector/InspectorWindow.cs:1388)
UnityEditor.InspectorWindow.DrawEditors (UnityEditor.Editor[] editors) (at C:/buildslave/unity/build/Editor/Mono/Inspector/InspectorWindow.cs:1126)
UnityEditor.InspectorWindow.OnGUI () (at C:/buildslave/unity/build/Editor/Mono/Inspector/InspectorWindow.cs:481)
System.Reflection.MonoMethod.Invoke (System.Object obj, BindingFlags invokeAttr, System.Reflection.Binder binder, System.Object[] parameters, System.Globalization.CultureInfo culture) (at /Users/builduser/buildslave/mono/build/mcs/class/corlib/System.Reflection/MonoMethod.cs:222)
Rethrow as TargetInvocationException: Exception has been thrown by the target of an invocation.
System.Reflection.MonoMethod.Invoke (System.Object obj, BindingFlags invokeAttr, System.Reflection.Binder binder, System.Object[] parameters, System.Globalization.CultureInfo culture) (at /Users/builduser/buildslave/mono/build/mcs/class/corlib/System.Reflection/MonoMethod.cs:232)
System.Reflection.MethodBase.Invoke (System.Object obj, System.Object[] parameters) (at /Users/builduser/buildslave/mono/build/mcs/class/corlib/System.Reflection/MethodBase.cs:115)
UnityEditor.HostView.Invoke (System.String methodName, System.Object obj) (at C:/buildslave/unity/build/Editor/Mono/HostView.cs:295)
UnityEditor.HostView.Invoke (System.String methodName) (at C:/buildslave/unity/build/Editor/Mono/HostView.cs:288)
UnityEditor.HostView.InvokeOnGUI (Rect onGUIPosition) (at C:/buildslave/unity/build/Editor/Mono/HostView.cs:255)

2018-10-11 18:40:38.7047 [DEBUG] Scene Fusion version 1.8.1-0
2018-10-11 18:40:45.7787 [DEBUG] Scene Fusion version 1.8.1-0
2018-10-11 18:40:45.8366 [DEBUG] Play mode: True, sync in play mode: False
2018-10-11 18:41:02.0256 [DEBUG] Play mode: False
2018-10-11 18:59:01.1318 [DEBUG] Scene Fusion version 1.8.1-0
2018-10-11 18:59:01.2147 [DEBUG] Play mode: True, sync in play mode: False
2018-10-11 18:59:19.0427 [DEBUG] Play mode: False
2018-10-11 18:59:56.4535 [DEBUG] Scene Fusion version 1.8.1-0
2018-10-11 18:59:56.4985 [DEBUG] Play mode: True, sync in play mode: False
2018-10-11 19:02:44.8468 [DEBUG] Play mode: False
2018-10-11 19:07:38.2306 [DEBUG] Scene Fusion version 1.8.1-0
2018-10-11 19:07:38.5218 [DEBUG] Play mode: True, sync in play mode: False
2018-10-11 19:08:17.2551 [DEBUG] Play mode: False
2018-10-11 19:19:41.8177 [DEBUG] Scene Fusion version 1.8.1-0
2018-10-11 19:19:41.8754 [DEBUG] Play mode: True, sync in play mode: False
2018-10-11 19:19:59.8481 [DEBUG] Play mode: False
2018-10-11 19:21:02.7068 [DEBUG] Scene Fusion version 1.8.1-0
2018-10-11 19:21:02.7746 [DEBUG] Play mode: True, sync in play mode: False
2018-10-11 19:22:08.4252 [DEBUG] Play mode: False
2018-10-11 19:22:37.8346 [DEBUG] Scene Fusion version 1.8.1-0
2018-10-11 19:22:46.3766 [DEBUG] Scene Fusion version 1.8.1-0
2018-10-11 19:22:46.4425 [DEBUG] Play mode: True, sync in play mode: False
2018-10-11 19:23:00.0691 [DEBUG] Play mode: False
2018-10-11 19:24:16.9752 [DEBUG] Scene Fusion version 1.8.1-0
2018-10-11 19:24:17.0551 [DEBUG] Play mode: True, sync in play mode: False
2018-10-11 19:24:20.7524 [DEBUG] Play mode: False
2018-10-11 19:25:47.1998 [DEBUG] Scene Fusion version 1.8.1-0
2018-10-11 19:25:47.2748 [DEBUG] Play mode: True, sync in play mode: False
2018-10-11 19:25:57.4208 [DEBUG] Play mode: False
2018-10-11 19:26:02.2306 [DEBUG] Scene Fusion version 1.8.1-0
2018-10-11 19:26:02.2936 [DEBUG] Play mode: True, sync in play mode: False
2018-10-11 19:26:08.0325 [DEBUG] Play mode: False
2018-10-11 19:31:51.8324 [DEBUG] Scene Fusion version 1.8.1-0
2018-10-11 19:31:51.8953 [DEBUG] Play mode: True, sync in play mode: False
2018-10-11 19:32:15.4601 [DEBUG] Play mode: False
2018-10-11 19:32:34.4657 [DEBUG] Scene Fusion version 1.8.1-0
2018-10-11 19:32:43.6922 [DEBUG] Scene Fusion version 1.8.1-0
2018-10-11 19:32:43.7675 [DEBUG] Play mode: True, sync in play mode: False
2018-10-11 19:32:51.3731 [DEBUG] Play mode: False
2018-10-11 19:33:09.3945 [DEBUG] Scene Fusion version 1.8.1-0
2018-10-11 19:33:09.4574 [DEBUG] Play mode: True, sync in play mode: False
2018-10-11 19:33:34.3446 [DEBUG] Play mode: False
2018-10-11 19:34:02.3647 [DEBUG] Scene Fusion version 1.8.1-0
2018-10-11 19:34:02.4167 [DEBUG] Play mode: True, sync in play mode: False
2018-10-11 19:34:15.5868 [DEBUG] Play mode: False
2018-10-11 19:38:20.9290 [DEBUG] Scene Fusion version 1.8.1-0
2018-10-11 19:38:21.0099 [DEBUG] Play mode: True, sync in play mode: False
2018-10-11 19:38:52.2866 [DEBUG] Play mode: False
2018-10-11 19:39:22.8739 [DEBUG] Scene Fusion version 1.8.1-0
2018-10-11 19:39:22.9429 [DEBUG] Play mode: True, sync in play mode: False
2018-10-11 19:39:45.5788 [DEBUG] Play mode: False
2018-10-11 19:42:20.9303 [DEBUG] Scene Fusion version 1.8.1-0
2018-10-11 19:42:29.5950 [DEBUG] Scene Fusion version 1.8.1-0
2018-10-11 19:42:29.6570 [DEBUG] Play mode: True, sync in play mode: False
2018-10-11 19:42:34.1559 [DEBUG] Play mode: False
2018-10-11 19:42:42.3376 [DEBUG] Scene Fusion version 1.8.1-0
2018-10-11 19:42:42.3866 [DEBUG] Play mode: True, sync in play mode: False
2018-10-11 19:42:45.8622 [DEBUG] Play mode: False
2018-10-11 19:43:17.8377 [DEBUG] Scene Fusion version 1.8.1-0
2018-10-11 19:43:17.8947 [DEBUG] Play mode: True, sync in play mode: False
2018-10-11 19:43:24.8808 [DEBUG] Play mode: False
2018-10-11 19:43:44.7710 [DEBUG] Scene Fusion version 1.8.1-0
2018-10-11 19:43:44.8470 [DEBUG] Play mode: True, sync in play mode: False
2018-10-11 19:44:26.1268 [DEBUG] Play mode: False
2018-10-11 19:44:33.1675 [DEBUG] Scene Fusion version 1.8.1-0
2018-10-11 19:44:33.2355 [DEBUG] Play mode: True, sync in play mode: False
2018-10-11 19:45:16.7826 [DEBUG] Play mode: False
2018-10-11 19:45:40.5317 [DEBUG] Scene Fusion version 1.8.1-0
2018-10-11 19:45:40.6057 [DEBUG] Play mode: True, sync in play mode: False
2018-10-11 19:45:56.0028 [DEBUG] Play mode: False
2018-10-11 19:46:23.9620 [DEBUG] Scene Fusion version 1.8.1-0
2018-10-11 19:46:24.0520 [DEBUG] Play mode: True, sync in play mode: False
2018-10-11 19:46:34.4027 [DEBUG] Play mode: False
2018-10-11 19:56:20.6681 [DEBUG] Scene Fusion version 1.8.1-0
2018-10-11 19:56:20.7351 [DEBUG] Play mode: True, sync in play mode: False
2018-10-11 19:57:44.6643 [DEBUG] Play mode: False
2018-10-11 20:00:10.1664 [DEBUG] Scene Fusion version 1.8.1-0
2018-10-11 20:00:10.2394 [DEBUG] Play mode: True, sync in play mode: False
2018-10-11 20:00:47.2813 [DEBUG] Play mode: False
2018-10-11 20:01:31.3693 [DEBUG] Scene Fusion version 1.8.1-0
2018-10-11 20:01:38.1746 [DEBUG] Scene Fusion version 1.8.1-0
2018-10-11 20:01:38.2435 [DEBUG] Play mode: True, sync in play mode: False
2018-10-11 20:01:58.8946 [DEBUG] Play mode: False
2018-10-11 20:02:15.0316 [DEBUG] Scene Fusion version 1.8.1-0
2018-10-11 20:02:15.1055 [DEBUG] Play mode: True, sync in play mode: False
2018-10-11 20:02:30.2382 [DEBUG] Play mode: False
2018-10-11 20:02:49.6690 [DEBUG] Scene Fusion version 1.8.1-0
2018-10-11 20:02:49.7430 [DEBUG] Play mode: True, sync in play mode: False
2018-10-11 20:03:29.9044 [DEBUG] Play mode: False
2018-10-11 20:03:56.3881 [DEBUG] Scene Fusion version 1.8.1-0
2018-10-11 20:03:56.4590 [DEBUG] Play mode: True, sync in play mode: False
2018-10-11 20:04:09.6404 [DEBUG] Play mode: False
2018-10-11 20:05:00.7760 [DEBUG] Scene Fusion version 1.8.1-0
2018-10-11 20:05:00.8389 [DEBUG] Play mode: True, sync in play mode: False
2018-10-11 20:05:12.9111 [DEBUG] Play mode: False
2018-10-11 20:05:50.7255 [DEBUG] Scene Fusion version 1.8.1-0
2018-10-11 20:05:50.7756 [DEBUG] Play mode: True, sync in play mode: False
2018-10-11 20:06:08.8734 [DEBUG] Play mode: False
2018-10-11 20:06:35.7916 [DEBUG] Scene Fusion version 1.8.1-0
2018-10-11 20:06:35.8575 [DEBUG] Play mode: True, sync in play mode: False
2018-10-11 20:07:24.0194 [DEBUG] Play mode: False
