2018-10-09 13:23:21.1916 [DEBUG] Scene Fusion version 1.8.1-0
2018-10-09 13:28:03.7369 [DEBUG] Scene Fusion version 1.8.1-0
2018-10-09 13:28:03.7869 [DEBUG] Play mode: True, sync in play mode: False
2018-10-09 13:28:07.6958 [DEBUG] Play mode: False
2018-10-09 13:28:15.5019 [DEBUG] Scene Fusion version 1.8.1-0
2018-10-09 13:28:15.5689 [DEBUG] Play mode: True, sync in play mode: False
2018-10-09 13:28:17.6357 [DEBUG] Play mode: False
2018-10-09 13:28:26.2961 [DEBUG] Scene Fusion version 1.8.1-0
2018-10-09 13:28:26.3630 [DEBUG] Play mode: True, sync in play mode: False
2018-10-09 13:28:27.7963 [DEBUG] Play mode: False
2018-10-09 13:29:29.6092 [DEBUG] Scene Fusion version 1.8.1-0
2018-10-09 13:29:29.6721 [DEBUG] Play mode: True, sync in play mode: False
2018-10-09 13:29:31.8840 [DEBUG] Play mode: False
2018-10-09 13:33:52.5696 [DEBUG] Scene Fusion version 1.8.1-0
2018-10-09 13:33:52.6267 [DEBUG] Play mode: True, sync in play mode: False
2018-10-09 13:34:00.1301 [DEBUG] Play mode: False
2018-10-09 13:40:22.9928 [DEBUG] Scene Fusion version 1.8.1-0
2018-10-09 13:40:23.0448 [DEBUG] Play mode: True, sync in play mode: False
2018-10-09 13:40:37.1681 [DEBUG] Play mode: False
2018-10-09 13:40:44.9778 [DEBUG] Scene Fusion version 1.8.1-0
2018-10-09 13:40:45.0487 [DEBUG] Play mode: True, sync in play mode: False
2018-10-09 13:40:48.0123 [DEBUG] Play mode: False
2018-10-09 13:41:51.3116 [DEBUG] Scene Fusion version 1.8.1-0
2018-10-09 13:41:51.4045 [DEBUG] Play mode: True, sync in play mode: False
2018-10-09 13:42:01.2024 [DEBUG] Play mode: False
2018-10-09 13:46:27.9408 [DEBUG] Scene Fusion version 1.8.1-0
2018-10-09 13:46:28.0057 [DEBUG] Play mode: True, sync in play mode: False
2018-10-09 13:46:54.9156 [DEBUG] Play mode: False
2018-10-09 13:47:23.6783 [DEBUG] Scene Fusion version 1.8.1-0
2018-10-09 13:47:23.7452 [DEBUG] Play mode: True, sync in play mode: False
2018-10-09 13:47:27.6465 [DEBUG] Play mode: False
2018-10-09 13:47:41.3583 [DEBUG] Scene Fusion version 1.8.1-0
2018-10-09 13:47:41.4153 [DEBUG] Play mode: True, sync in play mode: False
2018-10-09 13:47:54.7215 [DEBUG] Play mode: False
2018-10-09 13:48:37.6624 [DEBUG] Scene Fusion version 1.8.1-0
2018-10-09 13:48:42.9057 [DEBUG] Scene Fusion version 1.8.1-0
2018-10-09 13:48:42.9786 [DEBUG] Play mode: True, sync in play mode: False
2018-10-09 13:49:02.3497 [DEBUG] Play mode: False
2018-10-09 13:49:28.6806 [DEBUG] Scene Fusion version 1.8.1-0
2018-10-09 13:49:28.7565 [DEBUG] Play mode: True, sync in play mode: False
2018-10-09 13:49:44.7641 [DEBUG] Play mode: False
2018-10-09 13:50:24.6338 [DEBUG] Scene Fusion version 1.8.1-0
2018-10-09 13:50:24.6947 [DEBUG] Play mode: True, sync in play mode: False
2018-10-09 13:50:31.7476 [DEBUG] Play mode: False
2018-10-09 14:34:35.2435 [DEBUG] Scene Fusion version 1.8.1-0
2018-10-09 14:34:35.3084 [DEBUG] Play mode: True, sync in play mode: False
2018-10-09 14:35:07.0222 [DEBUG] Play mode: False
2018-10-09 14:35:46.7044 [DEBUG] Scene Fusion version 1.8.1-0
2018-10-09 14:35:46.7604 [DEBUG] Play mode: True, sync in play mode: False
2018-10-09 14:35:52.5658 [DEBUG] Play mode: False
2018-10-09 14:36:00.5754 [DEBUG] Scene Fusion version 1.8.1-0
2018-10-09 14:36:00.6453 [DEBUG] Play mode: True, sync in play mode: False
2018-10-09 14:36:07.7063 [DEBUG] Play mode: False
2018-10-09 14:46:00.2404 [DEBUG] Scene Fusion version 1.8.1-0
2018-10-09 14:46:00.3004 [DEBUG] Play mode: True, sync in play mode: False
2018-10-09 14:46:14.1696 [DEBUG] Play mode: False
2018-10-09 14:46:51.9232 [DEBUG] Scene Fusion version 1.8.1-0
2018-10-09 14:46:51.9771 [DEBUG] Play mode: True, sync in play mode: False
2018-10-09 14:46:56.9595 [DEBUG] Play mode: False
2018-10-09 14:50:08.4260 [DEBUG] Scene Fusion version 1.8.1-0
2018-10-09 14:50:08.4849 [DEBUG] Play mode: True, sync in play mode: False
2018-10-09 14:50:20.8880 [DEBUG] Play mode: False
2018-10-09 14:53:49.6361 [DEBUG] Scene Fusion version 1.8.1-0
2018-10-09 14:53:49.7161 [DEBUG] Play mode: True, sync in play mode: False
2018-10-09 14:53:52.0669 [DEBUG] Play mode: False
2018-10-09 14:53:58.9816 [DEBUG] Scene Fusion version 1.8.1-0
2018-10-09 14:53:59.0536 [DEBUG] Play mode: True, sync in play mode: False
2018-10-09 14:54:07.6830 [DEBUG] Play mode: False
2018-10-09 14:56:02.4465 [DEBUG] Scene Fusion version 1.8.1-0
2018-10-09 14:56:02.5428 [DEBUG] Play mode: True, sync in play mode: False
2018-10-09 14:56:11.4266 [DEBUG] Play mode: False
2018-10-09 17:51:43.7156 [DEBUG] Scene Fusion version 1.8.1-0
2018-10-09 17:52:15.8216 [DEBUG] Scene Fusion version 1.8.1-0
2018-10-09 17:52:15.8766 [DEBUG] Play mode: True, sync in play mode: False
2018-10-09 17:52:29.2049 [DEBUG] Play mode: False
2018-10-09 17:52:34.8545 [DEBUG] Scene Fusion version 1.8.1-0
2018-10-09 17:52:34.9304 [DEBUG] Play mode: True, sync in play mode: False
2018-10-09 17:52:39.1380 [DEBUG] Play mode: False
2018-10-09 17:54:33.0880 [DEBUG] Scene Fusion version 1.8.1-0
2018-10-09 17:54:33.1520 [DEBUG] Play mode: True, sync in play mode: False
2018-10-09 17:54:43.6375 [DEBUG] Play mode: False
2018-10-09 17:55:19.2313 [DEBUG] Scene Fusion version 1.8.1-0
2018-10-09 17:55:19.3082 [DEBUG] Play mode: True, sync in play mode: False
2018-10-09 17:55:22.2508 [DEBUG] Play mode: False
2018-10-09 18:31:53.0551 [DEBUG] Scene Fusion version 1.8.1-0
2018-10-09 18:31:53.1280 [DEBUG] Play mode: True, sync in play mode: False
2018-10-09 18:31:56.3297 [DEBUG] Play mode: False
2018-10-09 18:32:45.3154 [DEBUG] Scene Fusion version 1.8.1-0
2018-10-09 18:32:45.3944 [DEBUG] Play mode: True, sync in play mode: False
2018-10-09 18:32:54.0724 [DEBUG] Play mode: False
2018-10-09 18:33:19.4678 [DEBUG] Scene Fusion version 1.8.1-0
2018-10-09 18:33:19.5359 [DEBUG] Play mode: True, sync in play mode: False
2018-10-09 18:33:57.4094 [DEBUG] Play mode: False
2018-10-09 18:36:30.1894 [DEBUG] Scene Fusion version 1.8.1-0
2018-10-09 18:36:30.2603 [DEBUG] Play mode: True, sync in play mode: False
2018-10-09 18:36:49.5760 [DEBUG] Play mode: False
2018-10-09 18:37:27.3249 [DEBUG] Scene Fusion version 1.8.1-0
2018-10-09 18:37:27.4078 [DEBUG] Play mode: True, sync in play mode: False
2018-10-09 18:37:30.6527 [DEBUG] Play mode: False
2018-10-09 18:37:50.5422 [DEBUG] Scene Fusion version 1.8.1-0
2018-10-09 18:37:50.6092 [DEBUG] Play mode: True, sync in play mode: False
2018-10-09 18:37:54.4659 [DEBUG] Play mode: False
2018-10-09 18:38:15.2010 [DEBUG] Scene Fusion version 1.8.1-0
2018-10-09 18:38:15.2589 [DEBUG] Play mode: True, sync in play mode: False
2018-10-09 18:38:32.2853 [DEBUG] Play mode: False
2018-10-09 18:41:22.8999 [DEBUG] Scene Fusion version 1.8.1-0
2018-10-09 18:41:22.9519 [DEBUG] Play mode: True, sync in play mode: False
2018-10-09 18:41:29.5830 [DEBUG] Play mode: False
2018-10-09 18:41:45.4953 [DEBUG] Scene Fusion version 1.8.1-0
2018-10-09 18:41:45.5683 [DEBUG] Play mode: True, sync in play mode: False
2018-10-09 18:42:02.1724 [DEBUG] Play mode: False
2018-10-09 18:42:20.4227 [DEBUG] Scene Fusion version 1.8.1-0
2018-10-09 18:42:20.4957 [DEBUG] Play mode: True, sync in play mode: False
2018-10-09 18:42:39.1888 [DEBUG] Play mode: False
2018-10-09 18:42:43.7340 [DEBUG] Scene Fusion version 1.8.1-0
2018-10-09 18:42:43.7840 [DEBUG] Play mode: True, sync in play mode: False
2018-10-09 18:43:55.5147 [DEBUG] Play mode: False
2018-10-09 18:51:01.2936 [DEBUG] Scene Fusion version 1.8.1-0
2018-10-09 18:51:01.3776 [DEBUG] Play mode: True, sync in play mode: False
2018-10-09 18:51:41.4252 [DEBUG] Play mode: False
2018-10-09 18:52:29.8975 [DEBUG] Scene Fusion version 1.8.1-0
2018-10-09 18:54:32.2929 [DEBUG] Scene Fusion version 1.8.1-0
2018-10-09 18:54:32.3718 [DEBUG] Play mode: True, sync in play mode: False
2018-10-09 18:55:47.9955 [ERROR] NullReferenceException: Object reference not set to an instance of an object
PlayerController.OnDestroy () (at Assets/Scripts/Player/CharacterDirector/PlayerController.cs:106)

2018-10-09 18:55:48.0925 [DEBUG] Play mode: False
2018-10-09 20:02:42.0732 [DEBUG] Scene Fusion version 1.8.1-0
2018-10-09 20:02:42.1441 [DEBUG] Play mode: True, sync in play mode: False
2018-10-09 20:03:04.1800 [DEBUG] Play mode: False
2018-10-09 20:30:55.1760 [DEBUG] Scene Fusion version 1.8.1-0
2018-10-09 20:30:55.2310 [DEBUG] Play mode: True, sync in play mode: False
2018-10-09 20:31:07.6382 [DEBUG] Play mode: False
2018-10-09 20:44:59.2285 [DEBUG] Scene Fusion version 1.8.1-0
2018-10-09 20:45:06.3992 [DEBUG] Scene Fusion version 1.8.1-0
2018-10-09 20:45:06.4562 [DEBUG] Play mode: True, sync in play mode: False
2018-10-09 20:45:26.1061 [DEBUG] Play mode: False
2018-10-09 20:46:11.4436 [DEBUG] Scene Fusion version 1.8.1-0
2018-10-09 20:46:17.9458 [DEBUG] Scene Fusion version 1.8.1-0
2018-10-09 20:46:17.9969 [DEBUG] Play mode: True, sync in play mode: False
2018-10-09 20:46:23.9277 [DEBUG] Play mode: False
2018-10-09 20:46:43.9088 [DEBUG] Scene Fusion version 1.8.1-0
2018-10-09 20:46:43.9647 [DEBUG] Play mode: True, sync in play mode: False
2018-10-09 20:48:00.2079 [DEBUG] Play mode: False
2018-10-09 20:48:07.2304 [DEBUG] Scene Fusion version 1.8.1-0
2018-10-09 20:48:07.2884 [DEBUG] Play mode: True, sync in play mode: False
2018-10-09 20:48:15.1059 [DEBUG] Play mode: False
2018-10-09 20:49:17.2248 [DEBUG] Scene Fusion version 1.8.1-0
2018-10-09 20:49:21.6969 [DEBUG] Scene Fusion version 1.8.1-0
2018-10-09 20:49:21.7569 [DEBUG] Play mode: True, sync in play mode: False
2018-10-09 20:50:00.4589 [DEBUG] Play mode: False
2018-10-09 20:51:10.8635 [DEBUG] Scene Fusion version 1.8.1-0
2018-10-09 20:51:25.0538 [DEBUG] Scene Fusion version 1.8.1-0
2018-10-09 20:51:25.1142 [DEBUG] Play mode: True, sync in play mode: False
2018-10-09 20:52:18.1408 [DEBUG] Play mode: False
2018-10-09 20:54:30.9091 [DEBUG] Scene Fusion version 1.8.1-0
2018-10-09 20:54:36.1154 [DEBUG] Scene Fusion version 1.8.1-0
2018-10-09 20:54:36.1714 [DEBUG] Play mode: True, sync in play mode: False
2018-10-09 20:55:06.3189 [DEBUG] Play mode: False
2018-10-09 20:55:35.5840 [DEBUG] Scene Fusion version 1.8.1-0
2018-10-09 20:55:35.6700 [DEBUG] Play mode: True, sync in play mode: False
2018-10-09 20:55:49.9533 [DEBUG] Play mode: False
2018-10-09 20:55:58.1515 [DEBUG] Scene Fusion version 1.8.1-0
2018-10-09 20:55:58.2279 [DEBUG] Play mode: True, sync in play mode: False
2018-10-09 20:56:05.6614 [DEBUG] Play mode: False
2018-10-09 20:56:16.2248 [DEBUG] Scene Fusion version 1.8.1-0
2018-10-09 20:56:16.3168 [DEBUG] Play mode: True, sync in play mode: False
2018-10-09 20:58:54.5953 [DEBUG] Scene Fusion version 1.8.1-0
2018-10-09 20:59:05.2565 [DEBUG] Play mode: False
2018-10-09 21:00:09.8054 [DEBUG] Scene Fusion version 1.8.1-0
2018-10-09 21:00:09.8955 [DEBUG] Play mode: True, sync in play mode: False
2018-10-09 21:01:30.6692 [DEBUG] Play mode: False
2018-10-09 21:03:51.0129 [DEBUG] Scene Fusion version 1.8.1-0
2018-10-09 21:03:51.1129 [DEBUG] Play mode: True, sync in play mode: False
2018-10-09 21:04:02.4958 [DEBUG] Play mode: False
2018-10-09 21:05:00.5393 [DEBUG] Scene Fusion version 1.8.1-0
2018-10-09 21:05:00.6142 [DEBUG] Play mode: True, sync in play mode: False
2018-10-09 21:05:09.7673 [DEBUG] Play mode: False
2018-10-09 21:05:16.8547 [DEBUG] Scene Fusion version 1.8.1-0
2018-10-09 21:05:16.9157 [DEBUG] Play mode: True, sync in play mode: False
2018-10-09 21:05:27.5663 [DEBUG] Play mode: False
2018-10-09 21:05:39.0823 [DEBUG] Scene Fusion version 1.8.1-0
2018-10-09 21:05:39.1533 [DEBUG] Play mode: True, sync in play mode: False
2018-10-09 21:05:40.8456 [DEBUG] Play mode: False
2018-10-09 21:29:09.3894 [DEBUG] Scene Fusion version 1.8.1-0
2018-10-09 21:29:09.4594 [DEBUG] Play mode: True, sync in play mode: False
2018-10-09 21:29:19.4782 [DEBUG] Play mode: False
2018-10-09 21:29:33.0177 [DEBUG] Scene Fusion version 1.8.1-0
2018-10-09 21:29:33.0947 [DEBUG] Play mode: True, sync in play mode: False
2018-10-09 21:29:47.9456 [DEBUG] Play mode: False
2018-10-09 21:29:56.4602 [DEBUG] Scene Fusion version 1.8.1-0
2018-10-09 21:29:56.5231 [DEBUG] Play mode: True, sync in play mode: False
2018-10-09 21:30:11.6671 [DEBUG] Play mode: False
2018-10-09 21:30:41.8065 [DEBUG] Scene Fusion version 1.8.1-0
2018-10-09 21:30:41.8616 [DEBUG] Play mode: True, sync in play mode: False
2018-10-09 21:31:12.1142 [DEBUG] Play mode: False
2018-10-09 21:31:45.4792 [DEBUG] Scene Fusion version 1.8.1-0
2018-10-09 21:31:45.5562 [DEBUG] Play mode: True, sync in play mode: False
2018-10-09 21:32:27.0393 [DEBUG] Play mode: False
2018-10-09 21:33:09.8728 [DEBUG] Scene Fusion version 1.8.1-0
2018-10-09 21:33:18.7008 [DEBUG] Scene Fusion version 1.8.1-0
2018-10-09 21:33:18.7798 [DEBUG] Play mode: True, sync in play mode: False
2018-10-09 21:33:35.7171 [DEBUG] Play mode: False
2018-10-09 21:33:51.6541 [DEBUG] Scene Fusion version 1.8.1-0
2018-10-09 21:33:51.7352 [DEBUG] Play mode: True, sync in play mode: False
2018-10-09 21:36:20.8754 [DEBUG] Play mode: False
2018-10-09 21:36:27.8257 [DEBUG] Scene Fusion version 1.8.1-0
2018-10-09 21:36:27.8832 [DEBUG] Play mode: True, sync in play mode: False
2018-10-09 21:37:38.4048 [DEBUG] Play mode: False
2018-10-09 21:37:59.5570 [DEBUG] Scene Fusion version 1.8.1-0
2018-10-09 21:37:59.6380 [DEBUG] Play mode: True, sync in play mode: False
2018-10-09 21:40:17.8076 [DEBUG] Play mode: False
2018-10-09 21:40:45.5495 [DEBUG] Scene Fusion version 1.8.1-0
2018-10-09 21:40:45.6164 [DEBUG] Play mode: True, sync in play mode: False
2018-10-09 21:42:06.7896 [DEBUG] Play mode: False
2018-10-09 21:43:35.9510 [DEBUG] Scene Fusion version 1.8.1-0
2018-10-09 21:43:36.0260 [DEBUG] Play mode: True, sync in play mode: False
2018-10-09 21:43:41.9050 [DEBUG] Play mode: False
2018-10-09 21:46:29.1443 [DEBUG] Scene Fusion version 1.8.1-0
2018-10-09 21:46:35.6386 [DEBUG] Scene Fusion version 1.8.1-0
2018-10-09 21:46:35.7166 [DEBUG] Play mode: True, sync in play mode: False
2018-10-09 22:09:20.2582 [DEBUG] Play mode: False
2018-10-09 22:09:45.2041 [DEBUG] Scene Fusion version 1.8.1-0
2018-10-09 22:09:45.2760 [DEBUG] Play mode: True, sync in play mode: False
2018-10-09 22:10:11.4792 [DEBUG] Play mode: False
2018-10-09 22:11:09.8485 [DEBUG] Scene Fusion version 1.8.1-0
2018-10-09 22:11:09.9120 [DEBUG] Play mode: True, sync in play mode: False
2018-10-09 22:12:46.9825 [DEBUG] Play mode: False
2018-10-09 22:12:56.2039 [DEBUG] Scene Fusion version 1.8.1-0
2018-10-09 22:12:56.2811 [DEBUG] Play mode: True, sync in play mode: False
2018-10-09 22:15:08.3938 [DEBUG] Play mode: False
2018-10-09 22:15:44.3888 [DEBUG] Scene Fusion version 1.8.1-0
2018-10-09 22:15:44.4757 [DEBUG] Play mode: True, sync in play mode: False
2018-10-09 22:16:38.2826 [DEBUG] Play mode: False
2018-10-09 22:17:11.0734 [DEBUG] Scene Fusion version 1.8.1-0
2018-10-09 22:17:11.1484 [DEBUG] Play mode: True, sync in play mode: False
2018-10-09 22:17:24.4135 [DEBUG] Play mode: False
2018-10-09 22:17:34.7162 [DEBUG] Scene Fusion version 1.8.1-0
2018-10-09 22:17:34.7702 [DEBUG] Play mode: True, sync in play mode: False
2018-10-09 22:17:50.7244 [DEBUG] Play mode: False
2018-10-09 22:23:42.8055 [DEBUG] Scene Fusion version 1.8.1-0
2018-10-09 22:23:42.8770 [DEBUG] Play mode: True, sync in play mode: False
2018-10-09 22:23:57.3729 [DEBUG] Play mode: False
2018-10-09 22:24:28.6456 [DEBUG] Scene Fusion version 1.8.1-0
2018-10-09 22:24:28.7036 [DEBUG] Play mode: True, sync in play mode: False
2018-10-09 22:24:34.4167 [DEBUG] Play mode: False
2018-10-09 22:24:47.8465 [DEBUG] Scene Fusion version 1.8.1-0
2018-10-09 22:24:47.9199 [DEBUG] Play mode: True, sync in play mode: False
2018-10-09 22:29:02.2529 [ERROR] NullReferenceException: Object reference not set to an instance of an object
PlayerController.OnDestroy () (at Assets/Scripts/Player/CharacterDirector/PlayerController.cs:107)

2018-10-09 22:29:02.3529 [DEBUG] Play mode: False
2018-10-09 22:29:07.3112 [DEBUG] Scene Fusion version 1.8.1-0
2018-10-09 22:29:07.3821 [DEBUG] Play mode: True, sync in play mode: False
2018-10-09 22:29:58.5039 [ERROR] NullReferenceException: Object reference not set to an instance of an object
PlayerController.OnDestroy () (at Assets/Scripts/Player/CharacterDirector/PlayerController.cs:106)

2018-10-09 22:29:58.5979 [DEBUG] Play mode: False
2018-10-09 22:57:00.8999 [DEBUG] Scene Fusion version 1.8.1-0
2018-10-09 22:57:00.9589 [DEBUG] Play mode: True, sync in play mode: False
2018-10-09 22:57:38.2564 [DEBUG] Play mode: False
2018-10-09 23:03:18.6739 [DEBUG] Scene Fusion version 1.8.1-0
2018-10-09 23:03:18.7329 [DEBUG] Play mode: True, sync in play mode: False
2018-10-09 23:03:35.2832 [DEBUG] Play mode: False
2018-10-09 23:25:12.2934 [DEBUG] Scene Fusion version 1.8.1-0
2018-10-09 23:25:12.3579 [DEBUG] Play mode: True, sync in play mode: False
2018-10-09 23:25:26.0206 [DEBUG] Play mode: False
2018-10-09 23:26:02.3885 [DEBUG] Scene Fusion version 1.8.1-0
2018-10-09 23:26:02.4614 [DEBUG] Play mode: True, sync in play mode: False
2018-10-09 23:26:26.2098 [DEBUG] Play mode: False
2018-10-09 23:27:50.8807 [DEBUG] Scene Fusion version 1.8.1-0
2018-10-09 23:27:50.9523 [DEBUG] Play mode: True, sync in play mode: False
2018-10-09 23:28:00.6912 [DEBUG] Play mode: False
2018-10-09 23:28:20.5596 [DEBUG] Scene Fusion version 1.8.1-0
2018-10-09 23:28:20.6356 [DEBUG] Play mode: True, sync in play mode: False
2018-10-09 23:28:25.5701 [DEBUG] Play mode: False
2018-10-09 23:29:06.9303 [DEBUG] Scene Fusion version 1.8.1-0
2018-10-09 23:29:11.6056 [DEBUG] Scene Fusion version 1.8.1-0
2018-10-09 23:29:45.6000 [DEBUG] Scene Fusion version 1.8.1-0
2018-10-09 23:29:45.6690 [DEBUG] Play mode: True, sync in play mode: False
2018-10-09 23:29:52.8459 [DEBUG] Play mode: False
2018-10-09 23:31:09.0150 [DEBUG] Scene Fusion version 1.8.1-0
2018-10-09 23:31:09.0871 [DEBUG] Play mode: True, sync in play mode: False
2018-10-09 23:31:38.5828 [DEBUG] Play mode: False
2018-10-09 23:36:14.7284 [DEBUG] Scene Fusion version 1.8.1-0
2018-10-09 23:36:14.8123 [DEBUG] Play mode: True, sync in play mode: False
2018-10-09 23:36:14.9603 [DEBUG] Play mode: False
2018-10-09 23:36:19.6589 [DEBUG] Scene Fusion version 1.8.1-0
2018-10-09 23:36:19.7311 [DEBUG] Play mode: True, sync in play mode: False
2018-10-09 23:36:51.1357 [DEBUG] Play mode: False
2018-10-09 23:37:31.8219 [DEBUG] Scene Fusion version 1.8.1-0
2018-10-09 23:37:31.8938 [DEBUG] Play mode: True, sync in play mode: False
2018-10-09 23:37:34.6309 [DEBUG] Play mode: False
